2024-11-21 22:13:40 - Starting EmsBackendApplication using Java 17.0.7 with PID 9116 (E:\Data Windows\Doc Learn\Java Spring Boot\ems-backend\target\classes started by harif in E:\Data Windows\Doc Learn\Java Spring Boot\ems-backend)
2024-11-21 22:13:40 - No active profile set, falling back to 1 default profile: "default"
2024-11-21 22:13:41 - Bootstrapping Spring Data JPA repositories in DEFAULT mode.
2024-11-21 22:13:41 - Finished Spring Data repository scanning in 50 ms. Found 2 JPA repository interfaces.
2024-11-21 22:13:42 - Tomcat initialized with port 8084 (http)
2024-11-21 22:13:42 - Initializing ProtocolHandler ["http-nio-8084"]
2024-11-21 22:13:42 - Starting service [Tomcat]
2024-11-21 22:13:42 - Starting Servlet engine: [Apache Tomcat/10.1.31]
2024-11-21 22:13:42 - Initializing Spring embedded WebApplicationContext
2024-11-21 22:13:42 - Root WebApplicationContext: initialization completed in 1543 ms
2024-11-21 22:13:42 - HHH000204: Processing PersistenceUnitInfo [name: default]
2024-11-21 22:13:42 - HHH000412: Hibernate ORM core version 6.5.3.Final
2024-11-21 22:13:42 - HHH000026: Second-level cache disabled
2024-11-21 22:13:42 - No LoadTimeWeaver setup: ignoring JPA class transformer
2024-11-21 22:13:42 - HikariPool-1 - Starting...
2024-11-21 22:13:43 - HikariPool-1 - Added connection com.mysql.cj.jdbc.ConnectionImpl@77ec9fdb
2024-11-21 22:13:43 - HikariPool-1 - Start completed.
2024-11-21 22:13:43 - HHH000489: No JTA platform available (set 'hibernate.transaction.jta.platform' to enable JTA platform integration)
2024-11-21 22:13:43 - Initialized JPA EntityManagerFactory for persistence unit 'default'
2024-11-21 22:13:44 - Hibernate is in classpath; If applicable, HQL parser will be used.
2024-11-21 22:13:44 - spring.jpa.open-in-view is enabled by default. Therefore, database queries may be performed during view rendering. Explicitly configure spring.jpa.open-in-view to disable this warning
2024-11-21 22:13:44 - Exposing 1 endpoint beneath base path '/actuator'
2024-11-21 22:13:44 - Starting ProtocolHandler ["http-nio-8084"]
2024-11-21 22:13:44 - Tomcat started on port 8084 (http) with context path '/'
2024-11-21 22:13:44 - Started EmsBackendApplication in 4.741 seconds (process running for 5.038)
2024-11-21 22:14:00 - Closing JPA EntityManagerFactory for persistence unit 'default'
2024-11-21 22:14:00 - HikariPool-1 - Shutdown initiated...
2024-11-21 22:14:00 - HikariPool-1 - Shutdown completed.
2024-11-21 22:14:01 - Starting EmsBackendApplication using Java 17.0.7 with PID 20868 (E:\Data Windows\Doc Learn\Java Spring Boot\ems-backend\target\classes started by harif in E:\Data Windows\Doc Learn\Java Spring Boot\ems-backend)
2024-11-21 22:14:01 - No active profile set, falling back to 1 default profile: "default"
2024-11-21 22:14:02 - Bootstrapping Spring Data JPA repositories in DEFAULT mode.
2024-11-21 22:14:02 - Finished Spring Data repository scanning in 51 ms. Found 2 JPA repository interfaces.
2024-11-21 22:14:03 - Tomcat initialized with port 8084 (http)
2024-11-21 22:14:03 - Initializing ProtocolHandler ["http-nio-8084"]
2024-11-21 22:14:03 - Starting service [Tomcat]
2024-11-21 22:14:03 - Starting Servlet engine: [Apache Tomcat/10.1.31]
2024-11-21 22:14:03 - Initializing Spring embedded WebApplicationContext
2024-11-21 22:14:03 - Root WebApplicationContext: initialization completed in 1515 ms
2024-11-21 22:14:03 - HHH000204: Processing PersistenceUnitInfo [name: default]
2024-11-21 22:14:03 - HHH000412: Hibernate ORM core version 6.5.3.Final
2024-11-21 22:14:03 - HHH000026: Second-level cache disabled
2024-11-21 22:14:03 - No LoadTimeWeaver setup: ignoring JPA class transformer
2024-11-21 22:14:03 - HikariPool-1 - Starting...
2024-11-21 22:14:04 - HikariPool-1 - Added connection com.mysql.cj.jdbc.ConnectionImpl@69372c1e
2024-11-21 22:14:04 - HikariPool-1 - Start completed.
2024-11-21 22:14:04 - HHH000489: No JTA platform available (set 'hibernate.transaction.jta.platform' to enable JTA platform integration)
2024-11-21 22:14:04 - Initialized JPA EntityManagerFactory for persistence unit 'default'
2024-11-21 22:14:05 - Hibernate is in classpath; If applicable, HQL parser will be used.
2024-11-21 22:14:05 - spring.jpa.open-in-view is enabled by default. Therefore, database queries may be performed during view rendering. Explicitly configure spring.jpa.open-in-view to disable this warning
2024-11-21 22:14:05 - Exposing 1 endpoint beneath base path '/actuator'
2024-11-21 22:14:05 - Starting ProtocolHandler ["http-nio-8084"]
2024-11-21 22:14:05 - Tomcat started on port 8084 (http) with context path '/'
2024-11-21 22:14:05 - Started EmsBackendApplication in 4.512 seconds (process running for 4.798)
2024-11-21 22:14:58 - Initializing Spring DispatcherServlet 'dispatcherServlet'
2024-11-21 22:14:58 - Initializing Servlet 'dispatcherServlet'
2024-11-21 22:14:58 - Completed initialization in 1 ms
2024-11-21 22:27:14 - Closing JPA EntityManagerFactory for persistence unit 'default'
2024-11-21 22:27:14 - HikariPool-1 - Shutdown initiated...
2024-11-21 22:27:14 - HikariPool-1 - Shutdown completed.
2024-11-21 22:27:17 - Starting EmsBackendApplication using Java 17.0.7 with PID 34700 (E:\Data Windows\Doc Learn\Java Spring Boot\ems-backend\target\classes started by harif in E:\Data Windows\Doc Learn\Java Spring Boot\ems-backend)
2024-11-21 22:27:17 - No active profile set, falling back to 1 default profile: "default"
2024-11-21 22:27:18 - Bootstrapping Spring Data JPA repositories in DEFAULT mode.
2024-11-21 22:27:18 - Finished Spring Data repository scanning in 41 ms. Found 2 JPA repository interfaces.
2024-11-21 22:27:19 - Tomcat initialized with port 8084 (http)
2024-11-21 22:27:19 - Initializing ProtocolHandler ["http-nio-8084"]
2024-11-21 22:27:19 - Starting service [Tomcat]
2024-11-21 22:27:19 - Starting Servlet engine: [Apache Tomcat/10.1.31]
2024-11-21 22:27:19 - Initializing Spring embedded WebApplicationContext
2024-11-21 22:27:19 - Root WebApplicationContext: initialization completed in 1481 ms
2024-11-21 22:27:19 - HHH000204: Processing PersistenceUnitInfo [name: default]
2024-11-21 22:27:19 - HHH000412: Hibernate ORM core version 6.5.3.Final
2024-11-21 22:27:19 - HHH000026: Second-level cache disabled
2024-11-21 22:27:19 - No LoadTimeWeaver setup: ignoring JPA class transformer
2024-11-21 22:27:19 - HikariPool-1 - Starting...
2024-11-21 22:27:20 - HikariPool-1 - Added connection com.mysql.cj.jdbc.ConnectionImpl@432eb882
2024-11-21 22:27:20 - HikariPool-1 - Start completed.
2024-11-21 22:27:20 - HHH000489: No JTA platform available (set 'hibernate.transaction.jta.platform' to enable JTA platform integration)
2024-11-21 22:27:21 - Initialized JPA EntityManagerFactory for persistence unit 'default'
2024-11-21 22:27:21 - Hibernate is in classpath; If applicable, HQL parser will be used.
2024-11-21 22:27:21 - spring.jpa.open-in-view is enabled by default. Therefore, database queries may be performed during view rendering. Explicitly configure spring.jpa.open-in-view to disable this warning
2024-11-21 22:27:21 - Exposing 1 endpoint beneath base path '/actuator'
2024-11-21 22:27:21 - Starting ProtocolHandler ["http-nio-8084"]
2024-11-21 22:27:21 - Tomcat started on port 8084 (http) with context path '/'
2024-11-21 22:27:21 - Started EmsBackendApplication in 4.622 seconds (process running for 4.896)
2024-11-21 22:28:04 - Initializing Spring DispatcherServlet 'dispatcherServlet'
2024-11-21 22:28:04 - Initializing Servlet 'dispatcherServlet'
2024-11-21 22:28:04 - Completed initialization in 1 ms
2024-11-21 22:28:04 - The method aroundAdvice() before invokation of the method getAllEmployees method
2024-11-21 22:28:04 - Before getAllEmployees() :List com.raxe.ems_backend.service.impl.EmployeeServiceImpl.getAllEmployees()
2024-11-21 22:28:04 - After getAllEmployees() :List com.raxe.ems_backend.service.impl.EmployeeServiceImpl.getAllEmployees()
2024-11-21 22:28:04 - The method aroundAdvice() after invokation of the method getAllEmployees method
2024-11-21 22:28:13 - The method aroundAdvice() before invokation of the method getAllEmployees method
2024-11-21 22:28:13 - Before getAllEmployees() :List com.raxe.ems_backend.service.impl.EmployeeServiceImpl.getAllEmployees()
2024-11-21 22:28:13 - After getAllEmployees() :List com.raxe.ems_backend.service.impl.EmployeeServiceImpl.getAllEmployees()
2024-11-21 22:28:13 - The method aroundAdvice() after invokation of the method getAllEmployees method
2024-11-21 22:28:15 - The method aroundAdvice() before invokation of the method getAllEmployees method
2024-11-21 22:28:15 - Before getAllEmployees() :List com.raxe.ems_backend.service.impl.EmployeeServiceImpl.getAllEmployees()
2024-11-21 22:28:15 - After getAllEmployees() :List com.raxe.ems_backend.service.impl.EmployeeServiceImpl.getAllEmployees()
2024-11-21 22:28:15 - The method aroundAdvice() after invokation of the method getAllEmployees method
2024-11-21 22:29:23 - The method aroundAdvice() before invokation of the method getAllEmployees method
2024-11-21 22:29:23 - Before getAllEmployees() :List com.raxe.ems_backend.service.impl.EmployeeServiceImpl.getAllEmployees()
2024-11-21 22:29:23 - After getAllEmployees() :List com.raxe.ems_backend.service.impl.EmployeeServiceImpl.getAllEmployees()
2024-11-21 22:29:23 - The method aroundAdvice() after invokation of the method getAllEmployees method
